<?xml version="1.0" encoding="UTF-8"?>
<!-- Generated by org.testng.reporters.JUnitXMLReporter -->
<testsuite ignored="0" hostname="Bobby" failures="3" tests="3" name="Test(failed)" time="16.885" errors="0" timestamp="2025-09-01T01:17:09 IST">
  <testcase classname="testCases.TC003_LoginDDT" name="verfy_LoginDDT" time="3.222">
    <failure type="java.lang.AssertionError" message="expected [true] but found [false]">
      <![CDATA[java.lang.AssertionError: expected [true] but found [false]
at testCases.TC003_LoginDDT.verfy_LoginDDT(TC003_LoginDDT.java:70)
at java.base/java.util.ArrayList.forEach(ArrayList.java:1511)
... Removed 31 stack frames]]>
    </failure>
  </testcase> <!-- verfy_LoginDDT -->
  <testcase classname="testCases.TC003_LoginDDT" name="verfy_LoginDDT" time="2.749">
    <failure type="java.lang.AssertionError" message="expected [true] but found [false]">
      <![CDATA[java.lang.AssertionError: expected [true] but found [false]
at testCases.TC003_LoginDDT.verfy_LoginDDT(TC003_LoginDDT.java:70)
at java.base/java.util.ArrayList.forEach(ArrayList.java:1511)
... Removed 31 stack frames]]>
    </failure>
  </testcase> <!-- verfy_LoginDDT -->
  <testcase classname="testCases.TC003_LoginDDT" name="verfy_LoginDDT" time="3.097">
    <failure type="java.lang.AssertionError" message="expected [true] but found [false]">
      <![CDATA[java.lang.AssertionError: expected [true] but found [false]
at testCases.TC003_LoginDDT.verfy_LoginDDT(TC003_LoginDDT.java:70)
at java.base/java.util.ArrayList.forEach(ArrayList.java:1511)
... Removed 31 stack frames]]>
    </failure>
  </testcase> <!-- verfy_LoginDDT -->
</testsuite> <!-- Test(failed) -->
